Loading climacommon/2025_05_15
  Loading requirement: climaauth/2025_05_15 openmpi/4.1.5-mpitrampoline
    julia/1.11.5 cuda/julia-pref
Precompiling project...
   8720.3 ms  ✓ ClimaCore
  10319.8 ms  ✓ ClimaUtilities → ClimaUtilitiesClimaCoreExt
  11406.5 ms  ✓ ClimaCoreSpectra
  11609.7 ms  ✓ ClimaCore → KrylovExt
  12768.2 ms  ✓ ClimaCoreTempestRemap
  10468.5 ms  ✓ ClimaUtilities → ClimaUtilitiesClimaCoreNCDatasetsExt
  21515.8 ms  ✓ ClimaCore → ClimaCoreCUDAExt
  10862.5 ms  ✓ ClimaUtilities → ClimaUtilitiesClimaCoreInterpolationsExt
  12730.2 ms  ✓ ClimaDiagnostics
  12744.4 ms  ✓ ClimaUtilities → ClimaUtilitiesClimaCoreTempestRemapExt
  19312.5 ms  ✓ ClimaAtmos
  41196.5 ms  ✓ PrecompileCI
  12 dependencies successfully precompiled in 99 seconds. 574 already precompiled.
Status `~/calkit/climaatmos-opt/ClimaAtmos.jl-mod/.buildkite/Project.toml`
  [c7e460c6] ArgParse v1.2.0
⌃ [6e4b80f9] BenchmarkTools v1.6.3
  [052768ef] CUDA v5.11.0
  [13f3f980] CairoMakie v0.15.9
  [29b5916a] ClimaAnalysis v0.5.21
  [b2c96348] ClimaAtmos v0.38.0 `..`
  [3a4d1b5c] ClimaComms v0.6.10
  [d414da3d] ClimaCore v0.14.50 `../../ClimaCore.jl-mod`
  [c2caaa1d] ClimaCoreSpectra v0.1.4
  [d934ef94] ClimaCoreTempestRemap v0.3.18
  [1ecacbb8] ClimaDiagnostics v0.3.3
  [5c42b081] ClimaParams v1.0.15
  [595c0a79] ClimaTimeSteppers v0.8.11
  [b3f4f4ca] ClimaUtilities v0.1.28
  [f67ccb44] HDF5 v0.17.2
⌅ [a98d9a8b] Interpolations v0.15.1
  [8197267c] IntervalSets v0.7.13
  [033835bb] JLD2 v0.6.4
⌃ [682c06a0] JSON v1.4.0
  [ba0b0d4f] Krylov v0.10.6
  [da04e1cc] MPI v0.20.24
⌃ [85f8d34a] NCDatasets v0.14.8
  [0d71be07] NullBroadcasts v0.1.0
  [bac558e1] OrderedCollections v1.8.1
  [76d61242] PrecompileCI v0.1.0 `PrecompileCI`
  [08abe8d2] PrettyTables v3.3.2
  [efd6af41] ProfileCanvas v0.1.7
⌅ [aa65fe97] SnoopCompile v3.1.4
⌅ [e2b509da] SnoopCompileCore v3.0.0
  [10745b16] Statistics v1.11.1
  [2913bbd2] StatsBase v0.34.10
  [ddb6d928] YAML v0.4.16
⌅ [9c32591e] Poppler_jll v24.6.0+0
  [9abbd945] Profile v1.11.0
  [9a3f8284] Random v1.11.0
  [8dfed614] Test v1.11.0
Info Packages marked with ⌃ and ⌅ have new versions available. Those with ⌃ may be upgradable, but those with ⌅ are restricted by compatibility constraints from upgrading. To see why use `status --outdated`
┌ Warning: The configuration passed to ClimaAtmos contains unused keys: edmfx_upwinding
└ @ ClimaAtmos ~/calkit/climaatmos-opt/ClimaAtmos.jl-mod/src/solver/yaml_helper.jl:89
┌ Info: Making AtmosConfig with config files: 
└    /home/pbachant/calkit/climaatmos-opt/ClimaAtmos.jl-mod/src/solver/../../config/default_configs/default_config.yml
[ Info: Running on CUDADevice
[ Info: Setting up single-process ClimaAtmos run
┌ Info: Time info:
│   dt = "120secs"
│   t_start = "0secs"
│   t_end = "14400.0secs"
└   floor_n_steps = 120
┌ Info: numerics 
│        `energy_q_tot_upwinding`::`Val{:vanleer_limiter}`
│              `tracer_upwinding`::`Val{:vanleer_limiter}`
│     `edmfx_mse_q_tot_upwinding`::`Val{:first_order}`
│       `edmfx_sgsflux_upwinding`::`Val{:none}`
│        `edmfx_tracer_upwinding`::`Val{:first_order}`
│       `test_dycore_consistency`::`Nothing`
│          `reproducible_restart`::`Nothing`
│                       `limiter`::`Nothing`
│                     `diff_mode`::`ClimaAtmos.Implicit`
└                     `hyperdiff`::`ClimaAtmos.Hyperdiffusion{Float32}`
┌ Info: AtmosModel: 
│ 
│                             `water`::`ClimaAtmos.AtmosWater{ClimaAtmos.NonEquilibriumMicrophysics1M, ClimaAtmos.QuadratureCloud, ClimaAtmos.Implicit, Nothing, Nothing}`
│                         `scm_setup`::`ClimaAtmos.SCMSetup{Nothing, Nothing, Nothing, Bool, Nothing}`
│                         `radiation`::`ClimaAtmos.AtmosRadiation{ClimaAtmos.RRTMGPInterface.AllSkyRadiationWithClearSkyDiagnostics{ClimaAtmos.InteractiveCloudInRadiation}, ClimaAtmos.TimeVaryingInsolation}`
│                          `turbconv`::`ClimaAtmos.AtmosTurbconv{ClimaAtmos.EDMFXModel{ClimaAtmos.PiGroupsEntrainment, ClimaAtmos.BuoyancyVelocityDetrainment, Val{true}, Val{true}, Val{true}, Val{true}, Val{true}, ClimaAtmos.SmoothMinimumBlending}, ClimaAtmos.PrognosticEDMFX{1, true, Float32}, ClimaAtmos.Implicit, ClimaAtmos.Implicit, ClimaAtmos.Implicit, ClimaAtmos.Implicit, ClimaAtmos.Implicit, Nothing, Nothing, Nothing}`
│                   `prescribed_flow`::`Nothing`
│                      `gravity_wave`::`ClimaAtmos.AtmosGravityWave{ClimaAtmos.NonOrographicGravityWave{Float32}, ClimaAtmos.FullOrographicGravityWave{Float32, Val{:raw_topo}, Val{:NoWarp}}}`
│                `vertical_diffusion`::`Nothing`
│                            `sponge`::`ClimaAtmos.AtmosSponge{ClimaAtmos.ViscousSponge{Float32}, ClimaAtmos.RayleighSponge{Float32}}`
│                           `surface`::`ClimaAtmos.AtmosSurface{ClimaAtmos.ZonallySymmetricSST, ClimaAtmos.PrescribedSST, ClimaAtmos.ConstantAlbedo{Float32}}`
└                          `numerics`::`ClimaAtmos.AtmosNumerics{Val{:vanleer_limiter}, Val{:vanleer_limiter}, Val{:first_order}, Val{:none}, Val{:first_order}, Nothing, Nothing, Nothing, ClimaAtmos.Implicit, ClimaAtmos.Hyperdiffusion{Float32}}`
┌ Info: Simulation info
│   job_id = "progedmf_1m"
└   output_dir = "output/progedmf_1m/output_0009"
┌ Info: Simulation Grid: ExtrudedFiniteDifferenceGrid:
│   horizontal:
│     context: SingletonCommsContext using CUDADevice
│     mesh: 16×16×6-element EquiangularCubedSphere of SphereDomain: radius = 6.371e6
│     quadrature: 4-point Gauss-Legendre-Lobatto quadrature
│   vertical:
└     mesh: 63-element IntervalMesh of IntervalDomain: z ∈ [0.0,60000.0] (:bottom, :top)
[ Info: Allocating Y: 6.285 s (9166137 allocations: 441.51 MiB)
[ Info: Local file not found, loading from ClimaArtifacts (h_elem=16)...
[ Info: Loading from: /net/sampo/data1/ClimaArtifacts/artifacts/ogw_computed_drag_h16/computed_drag_Earth_false_1_16.hdf5
[ Info: Allocating cache (p): 172.833 s (637111016 allocations: 33.51 GiB)
[ Info: Using ODE config: `ClimaTimeSteppers.ARS343`
[ Info: ode_configuration: 807.143 ms (1441785 allocations: 71.74 MiB)
[ Info: get_callbacks: 258.247 ms (483635 allocations: 24.91 MiB)
[ Info: Saving accumulated diagnostics to disk with frequency: 1 hour
[ Info: DictWriter: String[]
[ Info: HDF5Writer: String[]
[ Info: NetCDFWriter: ["ts_1h_average", "ta_1h_average", "tas_1h_average", "uas_1h_average", "vas_1h_average", "thetaa_1h_average", "ha_1h_average", "pfull_1h_average", "zg_1h_average", "rhoa_1h_average", "ua_1h_average", "va_1h_average", "wa_1h_average", "hfes_1h_average", "hfss_1h_average", "ts_1h_min", "ts_1h_max", "hur_1h_average", "hus_1h_average", "cl_1h_average", "clw_1h_average", "cli_1h_average", "hussfc_1h_average", "evspsbl_1h_average", "hfls_1h_average", "pr_1h_average", "prra_1h_average", "prsn_1h_average", "prw_1h_average", "lwp_1h_average", "clwvi_1h_average", "clivi_1h_average", "husra_1h_average", "hussn_1h_average", "rsd_1h_average", "rsdt_1h_average", "rsds_1h_average", "rsu_1h_average", "rsut_1h_average", "rsus_1h_average", "rld_1h_average", "rlds_1h_average", "rlu_1h_average", "rlut_1h_average", "rlus_1h_average", "rsdcs_1h_average", "rsdscs_1h_average", "rsucs_1h_average", "rsutcs_1h_average", "rsuscs_1h_average", "rldcs_1h_average", "rldscs_1h_average", "rlucs_1h_average", "rlutcs_1h_average", "arup_1h_average", "rhoaup_1h_average", "waup_1h_average", "taup_1h_average", "thetaaup_1h_average", "haup_1h_average", "husup_1h_average", "hurup_1h_average", "clwup_1h_average", "cliup_1h_average", "aren_1h_average", "rhoaen_1h_average", "waen_1h_average", "taen_1h_average", "thetaaen_1h_average", "haen_1h_average", "husen_1h_average", "huren_1h_average", "clwen_1h_average", "clien_1h_average", "tke_1h_average", "lmix_1h_average"]
[ Info: initializing diagnostics: 15.056 s (38564069 allocations: 1.96 GiB)
[ Info: Prepared CTS.CallbackSet callbacks: 16.141 ms (549 allocations: 26.99 KiB)
[ Info: n_steps_per_cycle_per_cb (non diagnostics): [1024, 1, 30, 15, 15, 1]
[ Info: n_steps_per_cycle (non diagnostics): 15360
┌ Info: Jacobian algorithm: ManualSparseJacobian(
│   topography_flag = ClimaAtmos.IgnoreDerivative(),
│   diffusion_flag = ClimaAtmos.UseDerivative(),
│   sgs_advection_flag = ClimaAtmos.UseDerivative(),
│   sgs_entr_detr_flag = ClimaAtmos.UseDerivative(),
│   sgs_mass_flux_flag = ClimaAtmos.UseDerivative(),
│   sgs_nh_pressure_flag = ClimaAtmos.UseDerivative(),
│   sgs_vertdiff_flag = ClimaAtmos.UseDerivative(),
│   approximate_solve_iters = 2,
└ )
┌ Info: Jacobian algorithm: ManualSparseJacobian(
│   topography_flag = ClimaAtmos.IgnoreDerivative(),
│   diffusion_flag = ClimaAtmos.UseDerivative(),
│   sgs_advection_flag = ClimaAtmos.UseDerivative(),
│   sgs_entr_detr_flag = ClimaAtmos.UseDerivative(),
│   sgs_mass_flux_flag = ClimaAtmos.UseDerivative(),
│   sgs_nh_pressure_flag = ClimaAtmos.UseDerivative(),
│   sgs_vertdiff_flag = ClimaAtmos.UseDerivative(),
│   approximate_solve_iters = 2,
└ )
[ Info: init integrator: 150.177 s (281897172 allocations: 14.99 GiB)
[ Info: Added diagnostics: 35.595 s (65437165 allocations: 3.25 GiB)
┌ Info: Running
│   job_id = "progedmf_1m"
│   output_dir = "output/progedmf_1m/output_0009"
└   tspan = (0.0f0, 14400.0f0)
┌ Info: Progress
│   simulation_time = "2 minutes, 4 microseconds"
│   n_steps_completed = 1
│   wall_time_per_step = "0 seconds"
│   wall_time_total = "0 seconds"
│   wall_time_remaining = "0 seconds"
│   wall_time_spent = "0 seconds"
│   percent_complete = "0.8%"
│   estimated_sypd = "Inf"
│   date_now = 2026-04-06T16:20:08.025
└   estimated_finish_date = 2026-04-06T16:20:08.023
┌ Info: Progress
│   simulation_time = "4 minutes, 8 microseconds"
│   n_steps_completed = 2
│   wall_time_per_step = "16 seconds, 799 milliseconds"
│   wall_time_total = "33 minutes, 35 seconds"
│   wall_time_remaining = "33 minutes, 2 seconds"
│   wall_time_spent = "33 seconds, 599 milliseconds"
│   percent_complete = "1.7%"
│   estimated_sypd = "0.02"
│   date_now = 2026-04-06T16:20:24.756
└   estimated_finish_date = 2026-04-06T16:53:27.756
┌ Info: Progress
│   simulation_time = "8 minutes, 16 microseconds"
│   n_steps_completed = 4
│   wall_time_per_step = "8 seconds, 660 milliseconds"
│   wall_time_total = "17 minutes, 19 seconds"
│   wall_time_remaining = "16 minutes, 44 seconds"
│   wall_time_spent = "34 seconds, 643 milliseconds"
│   percent_complete = "3.3%"
│   estimated_sypd = "0.038"
│   date_now = 2026-04-06T16:20:25.722
└   estimated_finish_date = 2026-04-06T16:37:10.722
┌ Info: Progress
│   simulation_time = "16 minutes, 32 microseconds"
│   n_steps_completed = 8
│   wall_time_per_step = "4 seconds, 573 milliseconds"
│   wall_time_total = "9 minutes, 8 seconds"
│   wall_time_remaining = "8 minutes, 32 seconds"
│   wall_time_spent = "36 seconds, 587 milliseconds"
│   percent_complete = "6.7%"
│   estimated_sypd = "0.072"
│   date_now = 2026-04-06T16:20:27.666
└   estimated_finish_date = 2026-04-06T16:29:00.666
┌ Info: Progress
│   simulation_time = "29 minutes, 59 seconds"
│   n_steps_completed = 15
│   wall_time_per_step = "2 seconds, 666 milliseconds"
│   wall_time_total = "5 minutes, 19 seconds"
│   wall_time_remaining = "4 minutes, 39 seconds"
│   wall_time_spent = "39 seconds, 995 milliseconds"
│   percent_complete = "12.5%"
│   estimated_sypd = "0.123"
│   date_now = 2026-04-06T16:20:31.074
└   estimated_finish_date = 2026-04-06T16:25:11.074
┌ Info: Progress
│   simulation_time = "32 minutes, 65 microseconds"
│   n_steps_completed = 16
│   wall_time_per_step = "2 seconds, 531 milliseconds"
│   wall_time_total = "5 minutes, 3 seconds"
│   wall_time_remaining = "4 minutes, 23 seconds"
│   wall_time_spent = "40 seconds, 501 milliseconds"
│   percent_complete = "13.3%"
│   estimated_sypd = "0.13"
│   date_now = 2026-04-06T16:20:31.580
└   estimated_finish_date = 2026-04-06T16:24:55.580
┌ Info: Progress
│   simulation_time = "45 minutes, 59 seconds"
│   n_steps_completed = 23
│   wall_time_per_step = "1 second, 909 milliseconds"
│   wall_time_total = "3 minutes, 49 seconds"
│   wall_time_remaining = "3 minutes, 5 seconds"
│   wall_time_spent = "43 seconds, 921 milliseconds"
│   percent_complete = "19.2%"
│   estimated_sypd = "0.172"
│   date_now = 2026-04-06T16:20:35.001
└   estimated_finish_date = 2026-04-06T16:23:41.001
┌ Info: Progress
│   simulation_time = "59 minutes, 59 seconds"
│   n_steps_completed = 30
│   wall_time_per_step = "1 second, 579 milliseconds"
│   wall_time_total = "3 minutes, 9 seconds"
│   wall_time_remaining = "2 minutes, 22 seconds"
│   wall_time_spent = "47 seconds, 399 milliseconds"
│   percent_complete = "25.0%"
│   estimated_sypd = "0.208"
│   date_now = 2026-04-06T16:20:38.479
└   estimated_finish_date = 2026-04-06T16:23:01.479
┌ Warning: NaN encountered in weight sum calculation of orographic gravity wave drag
└ @ ClimaAtmos ~/calkit/climaatmos-opt/ClimaAtmos.jl-mod/src/parameterized_tendencies/gravity_wave_drag/orographic_gravity_wave.jl:507
┌ Info: Progress
│   simulation_time = "1 hour, 4 minutes"
│   n_steps_completed = 32
│   wall_time_per_step = "2 seconds, 639 milliseconds"
│   wall_time_total = "5 minutes, 16 seconds"
│   wall_time_remaining = "3 minutes, 52 seconds"
│   wall_time_spent = "1 minute, 24 seconds"
│   percent_complete = "26.7%"
│   estimated_sypd = "0.124"
│   date_now = 2026-04-06T16:21:15.553
└   estimated_finish_date = 2026-04-06T16:25:08.553
┌ Info: Progress
│   simulation_time = "1 hour, 18 minutes"
│   n_steps_completed = 39
│   wall_time_per_step = "2 seconds, 254 milliseconds"
│   wall_time_total = "4 minutes, 30 seconds"
│   wall_time_remaining = "3 minutes, 2 seconds"
│   wall_time_spent = "1 minute, 27 seconds"
│   percent_complete = "32.5%"
│   estimated_sypd = "0.146"
│   date_now = 2026-04-06T16:21:19.021
└   estimated_finish_date = 2026-04-06T16:24:22.021
┌ Warning: NaN encountered in weight sum calculation of orographic gravity wave drag
└ @ ClimaAtmos ~/calkit/climaatmos-opt/ClimaAtmos.jl-mod/src/parameterized_tendencies/gravity_wave_drag/orographic_gravity_wave.jl:507
┌ Info: Progress
│   simulation_time = "1 hour, 31 minutes"
│   n_steps_completed = 46
│   wall_time_per_step = "1 second, 987 milliseconds"
│   wall_time_total = "3 minutes, 58 seconds"
│   wall_time_remaining = "2 minutes, 27 seconds"
│   wall_time_spent = "1 minute, 31 seconds"
│   percent_complete = "38.3%"
│   estimated_sypd = "0.165"
│   date_now = 2026-04-06T16:21:22.502
└   estimated_finish_date = 2026-04-06T16:23:50.501
┌ Info: Progress
│   simulation_time = "1 hour, 45 minutes"
│   n_steps_completed = 53
│   wall_time_per_step = "1 second, 790 milliseconds"
│   wall_time_total = "3 minutes, 34 seconds"
│   wall_time_remaining = "1 minute, 59 seconds"
│   wall_time_spent = "1 minute, 34 seconds"
│   percent_complete = "44.2%"
│   estimated_sypd = "0.183"
│   date_now = 2026-04-06T16:21:25.976
└   estimated_finish_date = 2026-04-06T16:23:25.976
┌ Info: Progress
│   simulation_time = "1 hour, 59 minutes"
│   n_steps_completed = 60
│   wall_time_per_step = "1 second, 640 milliseconds"
│   wall_time_total = "3 minutes, 16 seconds"
│   wall_time_remaining = "1 minute, 38 seconds"
│   wall_time_spent = "1 minute, 38 seconds"
│   percent_complete = "50.0%"
│   estimated_sypd = "0.2"
│   date_now = 2026-04-06T16:21:29.535
└   estimated_finish_date = 2026-04-06T16:23:08.535
┌ Warning: NaN encountered in weight sum calculation of orographic gravity wave drag
└ @ ClimaAtmos ~/calkit/climaatmos-opt/ClimaAtmos.jl-mod/src/parameterized_tendencies/gravity_wave_drag/orographic_gravity_wave.jl:507
┌ Info: Progress
│   simulation_time = "2 hours, 8 minutes"
│   n_steps_completed = 64
│   wall_time_per_step = "1 second, 627 milliseconds"
│   wall_time_total = "3 minutes, 15 seconds"
│   wall_time_remaining = "1 minute, 31 seconds"
│   wall_time_spent = "1 minute, 44 seconds"
│   percent_complete = "53.3%"
│   estimated_sypd = "0.202"
│   date_now = 2026-04-06T16:21:35.213
└   estimated_finish_date = 2026-04-06T16:23:07.213
┌ Info: Progress
│   simulation_time = "2 hours, 21 minutes"
│   n_steps_completed = 71
│   wall_time_per_step = "1 second, 515 milliseconds"
│   wall_time_total = "3 minutes, 1 second"
│   wall_time_remaining = "1 minute, 14 seconds"
│   wall_time_spent = "1 minute, 47 seconds"
│   percent_complete = "59.2%"
│   estimated_sypd = "0.217"
│   date_now = 2026-04-06T16:21:38.689
└   estimated_finish_date = 2026-04-06T16:22:53.689
┌ Warning: NaN encountered in weight sum calculation of orographic gravity wave drag
└ @ ClimaAtmos ~/calkit/climaatmos-opt/ClimaAtmos.jl-mod/src/parameterized_tendencies/gravity_wave_drag/orographic_gravity_wave.jl:507
┌ Info: Progress
│   simulation_time = "2 hours, 36 minutes"
│   n_steps_completed = 78
│   wall_time_per_step = "1 second, 426 milliseconds"
│   wall_time_total = "2 minutes, 51 seconds"
│   wall_time_remaining = "59 seconds, 900 milliseconds"
│   wall_time_spent = "1 minute, 51 seconds"
│   percent_complete = "65.0%"
│   estimated_sypd = "0.23"
│   date_now = 2026-04-06T16:21:42.322
└   estimated_finish_date = 2026-04-06T16:22:42.322
┌ Info: Progress
│   simulation_time = "2 hours, 49 minutes"
│   n_steps_completed = 85
│   wall_time_per_step = "1 second, 349 milliseconds"
│   wall_time_total = "2 minutes, 41 seconds"
│   wall_time_remaining = "47 seconds, 237 milliseconds"
│   wall_time_spent = "1 minute, 54 seconds"
│   percent_complete = "70.8%"
│   estimated_sypd = "0.243"
│   date_now = 2026-04-06T16:21:45.799
└   estimated_finish_date = 2026-04-06T16:22:33.799
┌ Warning: NaN encountered in weight sum calculation of orographic gravity wave drag
└ @ ClimaAtmos ~/calkit/climaatmos-opt/ClimaAtmos.jl-mod/src/parameterized_tendencies/gravity_wave_drag/orographic_gravity_wave.jl:507
┌ Info: Progress
│   simulation_time = "3 hours, 3 minutes"
│   n_steps_completed = 92
│   wall_time_per_step = "1 second, 322 milliseconds"
│   wall_time_total = "2 minutes, 38 seconds"
│   wall_time_remaining = "37 seconds, 25 milliseconds"
│   wall_time_spent = "2 minutes, 1 second"
│   percent_complete = "76.7%"
│   estimated_sypd = "0.248"
│   date_now = 2026-04-06T16:21:52.735
└   estimated_finish_date = 2026-04-06T16:22:30.735
┌ Info: Progress
│   simulation_time = "3 hours, 18 minutes"
│   n_steps_completed = 99
│   wall_time_per_step = "1 second, 263 milliseconds"
│   wall_time_total = "2 minutes, 31 seconds"
│   wall_time_remaining = "26 seconds, 543 milliseconds"
│   wall_time_spent = "2 minutes, 5 seconds"
│   percent_complete = "82.5%"
│   estimated_sypd = "0.26"
│   date_now = 2026-04-06T16:21:56.213
└   estimated_finish_date = 2026-04-06T16:22:23.213
┌ Warning: NaN encountered in weight sum calculation of orographic gravity wave drag
└ @ ClimaAtmos ~/calkit/climaatmos-opt/ClimaAtmos.jl-mod/src/parameterized_tendencies/gravity_wave_drag/orographic_gravity_wave.jl:507
┌ Info: Progress
│   simulation_time = "3 hours, 31 minutes"
│   n_steps_completed = 106
│   wall_time_per_step = "1 second, 213 milliseconds"
│   wall_time_total = "2 minutes, 25 seconds"
│   wall_time_remaining = "16 seconds, 986 milliseconds"
│   wall_time_spent = "2 minutes, 8 seconds"
│   percent_complete = "88.3%"
│   estimated_sypd = "0.271"
│   date_now = 2026-04-06T16:21:59.692
└   estimated_finish_date = 2026-04-06T16:22:16.692
┌ Info: Progress
│   simulation_time = "3 hours, 46 minutes"
│   n_steps_completed = 113
│   wall_time_per_step = "1 second, 168 milliseconds"
│   wall_time_total = "2 minutes, 20 seconds"
│   wall_time_remaining = "8 seconds, 182 milliseconds"
│   wall_time_spent = "2 minutes, 12 seconds"
│   percent_complete = "94.2%"
│   estimated_sypd = "0.281"
│   date_now = 2026-04-06T16:22:03.165
└   estimated_finish_date = 2026-04-06T16:22:12.165
┌ Info: Progress
│   simulation_time = "3 hours, 59 minutes"
│   n_steps_completed = 120
│   wall_time_per_step = "1 second, 129 milliseconds"
│   wall_time_total = "2 minutes, 15 seconds"
│   wall_time_remaining = "0 seconds"
│   wall_time_spent = "2 minutes, 15 seconds"
│   percent_complete = "100.0%"
│   estimated_sypd = "0.291"
│   date_now = 2026-04-06T16:22:06.665
└   estimated_finish_date = 2026-04-06T16:22:06.665
┌ Warning: NaN encountered in weight sum calculation of orographic gravity wave drag
└ @ ClimaAtmos ~/calkit/climaatmos-opt/ClimaAtmos.jl-mod/src/parameterized_tendencies/gravity_wave_drag/orographic_gravity_wave.jl:507
[ Info: solve! walltime = 105.84
[ Info: sypd: 0.373
[ Info: wall_time_per_timestep: 881 milliseconds, 997 microseconds
[ Info: Memory currently used (after solve!) by the process (RSS): 14.23 GiB
┌ Info: Simulation complete
│   job_id = "progedmf_1m"
└   output_dir = "output/progedmf_1m/output_0009"
